<?xml version="1.0" encoding="UTF-8"?>
<!-- Generated by org.testng.reporters.JUnitReportReporter -->
<testsuite skipped="0" hostname="air1.local" name="TEST.ReqRest.TestRR_Post" tests="1" failures="0" timestamp="14 Aug 2019 06:49:21 GMT" time="4.540" errors="0">
  <testcase name="PostUser" time="4.540" classname="TEST.ReqRest.TestRR_Post"/>
</testsuite> <!-- TEST.ReqRest.TestRR_Post -->
