<?xml version="1.0" encoding="UTF-8"?>
<!-- Generated by org.testng.reporters.JUnitReportReporter -->
<testsuite skipped="0" hostname="air1.local" name="TESTReqRest.TestReqRes" tests="1" failures="0" timestamp="15 Aug 2019 17:11:35 GMT" time="5.134" errors="0">
  <testcase name="TestReqRes_Patch" time="5.134" classname="TESTReqRest.TestReqRes"/>
</testsuite> <!-- TESTReqRest.TestReqRes -->
