<?xml version="1.0" encoding="UTF-8"?>
<!-- Generated by org.testng.reporters.JUnitReportReporter -->
<testsuite skipped="0" hostname="air1.local" name="testReqres.TestReqres" tests="6" failures="0" timestamp="16 Aug 2019 16:13:21 GMT" time="6.512" errors="0">
  <testcase name="TestReqres_Delete" time="5.228" classname="testReqres.TestReqres"/>
  <testcase name="TestReqres_Get_Call" time="0.245" classname="testReqres.TestReqres"/>
  <testcase name="TestReqres_Get_Check" time="0.006" classname="testReqres.TestReqres"/>
  <testcase name="TestReqres_Put" time="0.312" classname="testReqres.TestReqres"/>
  <testcase name="TestReqres_Patch" time="0.376" classname="testReqres.TestReqres"/>
  <testcase name="TestReqres_Post" time="0.345" classname="testReqres.TestReqres"/>
</testsuite> <!-- testReqres.TestReqres -->
